Arguments: 
  C:\Program Files\nodejs\node.exe C:\Program Files (x86)\Yarn\bin\yarn.js upgrade sl-vue-tree

PATH: 
  C:\Program Files\Git\mingw64\bin;C:\Program Files\Git\usr\bin;C:\Users\alex\bin;C:\Program Files (x86)\NVIDIA Corporation\PhysX\Common;C:\PROGRA~2\GTK2-R~1\bin;C:\Program Files (x86)\Yarn\bin;C:\Program Files\nodejs;C:\Program Files (x86)\Windows Kits\8.1\Windows Performance Toolkit;C:\WINDOWS\system32\config\systemprofile\.dnx\bin;C:\Program Files\Microsoft DNX\Dnvm;C:\Program Files\CMake\bin;C:\Windows\System32;C:\Users\alex\AppData\Local\Microsoft\WindowsApps;C:\Program Files (x86)\Microsoft VS Code\bin;C:\Users\alex\AppData\Local\atom\bin;C:\Users\alex\AppData\Local\Programs\Fiddler;C:\Users\alex\AppData\Local\Microsoft\WindowsApps;C:\libjpeg-turbo64\bin;C:\Users\alex\AppData\Local\Yarn\bin;C:\Users\alex\AppData\Roaming\npm;C:\Users\alex\AppData\Local\GitHubDesktop\bin

Yarn version: 
  1.5.1

Node version: 
  9.7.0

Platform: 
  win32 x64

npm manifest: 
  {
    "name": "sl-vue-tree",
    "version": "1.0.0",
    "description": "draggable tree vue component",
    "main": "dist/sl-vue-tree.js",
    "types": "dist/sl-vue-tree.d.ts",
    "scripts": {
      "clear": "rm -rf dist",
      "build": "clear && webpack-cli --progress --mode production",
      "start": "clear && webpack-cli --watch --progress --mode development",
      "test": "echo \"Error: no test specified\" && exit 1"
    },
    "keywords": [
      "vue",
      "tree",
      "draggable",
      "sortable"
    ],
    "author": "Holiber",
    "license": "MIT",
    "devDependencies": {
      "copy-webpack-plugin": "^4.5.1",
      "css-loader": "^0.28.10",
      "rimraf": "^2.6.2",
      "ts-loader": "^4.0.1",
      "typescript": "^2.7.2",
      "vue": "^2.5.13",
      "vue-class-component": "^6.2.0",
      "vue-loader": "^14.2.1",
      "vue-property-decorator": "^6.0.0",
      "vue-template-compiler": "^2.5.13",
      "webpack": "^4.1.1",
      "webpack-cli": "^2.0.10"
    }
  }

yarn manifest: 
  No manifest

Lockfile: 
  No lockfile

Trace: 
  Error: No lockfile in this directory. Run `yarn install` to generate one.
      at new MessageError (C:\Program Files (x86)\Yarn\lib\cli.js:186:110)
      at C:\Program Files (x86)\Yarn\lib\cli.js:89389:13
      at <anonymous>
